<?xml version="1.0" encoding="UTF-8"?>
<testsuite xmlns:xsi="http://www.w3.org/2001/XMLSchema-instance" xsi:noNamespaceSchemaLocation="https://maven.apache.org/surefire/maven-surefire-plugin/xsd/surefire-test-report-3.0.xsd" version="3.0" name="com.poiva.sdk.PoivaClientTest" time="0.466" tests="4" errors="0" skipped="0" failures="0">
  <properties>
[...]
</properties>
  <testcase name="missionsCreateSendsBearerAuthAndJsonBody" classname="com.poiva.sdk.PoivaClientTest" time="0.425"/>
  <testcase name="non2xxThrowsPoivaApiExceptionWithBody" classname="com.poiva.sdk.PoivaClientTest" time="0.006"/>
  <testcase name="activitiesUpdateStateUsesApiKeyHeader" classname="com.poiva.sdk.PoivaClientTest" time="0.009"/>
  <testcase name="publicVerifySendsNoCredentials" classname="com.poiva.sdk.PoivaClientTest" time="0.011"/>
</testsuite>